C:\USERS\AARON1178\WORKSPACE\NIF_EXPLORER\NIF EXPLORER\NIF EXPLORER\DEBUG\NIFEXPLORER.OBJ
C:\USERS\AARON1178\WORKSPACE\NIF_EXPLORER\NIF EXPLORER\NIF EXPLORER\DEBUG\VC110.PDB
C:\Users\Aaron1178\workspace\nif_explorer\Nif Explorer\Nif Explorer\Debug\NifExplorer.obj
C:\Users\Aaron1178\workspace\nif_explorer\Nif Explorer\Nif Explorer\Debug\cl.command.1.tlog
C:\Users\Aaron1178\workspace\nif_explorer\Nif Explorer\Nif Explorer\Debug\CL.read.1.tlog
C:\Users\Aaron1178\workspace\nif_explorer\Nif Explorer\Nif Explorer\Debug\CL.write.1.tlog
C:\Users\Aaron1178\workspace\nif_explorer\Nif Explorer\Nif Explorer\Debug\link-cvtres.read.1.tlog
C:\Users\Aaron1178\workspace\nif_explorer\Nif Explorer\Nif Explorer\Debug\link-cvtres.write.1.tlog
C:\Users\Aaron1178\workspace\nif_explorer\Nif Explorer\Nif Explorer\Debug\link-rc.read.1.tlog
C:\Users\Aaron1178\workspace\nif_explorer\Nif Explorer\Nif Explorer\Debug\link-rc.write.1.tlog
C:\Users\Aaron1178\workspace\nif_explorer\Nif Explorer\Nif Explorer\Debug\link.1472-cvtres.read.1.tlog
C:\Users\Aaron1178\workspace\nif_explorer\Nif Explorer\Nif Explorer\Debug\link.1472-cvtres.write.1.tlog
C:\Users\Aaron1178\workspace\nif_explorer\Nif Explorer\Nif Explorer\Debug\link.1472-rc.read.1.tlog
C:\Users\Aaron1178\workspace\nif_explorer\Nif Explorer\Nif Explorer\Debug\link.1472-rc.write.1.tlog
C:\Users\Aaron1178\workspace\nif_explorer\Nif Explorer\Nif Explorer\Debug\link.1472.read.1.tlog
C:\Users\Aaron1178\workspace\nif_explorer\Nif Explorer\Nif Explorer\Debug\link.1472.write.1.tlog
C:\Users\Aaron1178\workspace\nif_explorer\Nif Explorer\Nif Explorer\Debug\link.command.1.tlog
C:\Users\Aaron1178\workspace\nif_explorer\Nif Explorer\Nif Explorer\Debug\link.read.1.tlog
C:\Users\Aaron1178\workspace\nif_explorer\Nif Explorer\Nif Explorer\Debug\link.write.1.tlog
C:\Users\Aaron1178\workspace\nif_explorer\Nif Explorer\Nif Explorer\Debug\vc110.idb
C:\Users\Aaron1178\workspace\nif_explorer\Nif Explorer\Nif Explorer\Debug\vc110.pdb
C:\Users\Aaron1178\workspace\nif_explorer\Nif Explorer\Debug\Nif Explorer.pdb
